2024-10-16T08:52:00.437+08:00  INFO 8156 --- [main] com.perfree.Application                  : Starting Application using Java 21.0.4 with PID 8156 (E:\my-work\PerfreeBlog\perfree-server\target\classes started by Administrator in E:\my-work\PerfreeBlog)
2024-10-16T08:52:00.438+08:00  INFO 8156 --- [main] com.perfree.Application                  : The following 1 profile is active: "prod"
2024-10-16T08:52:01.582+08:00  INFO 8156 --- [main] o.s.b.w.embedded.tomcat.TomcatWebServer  : Tomcat initialized with port 8080 (http)
2024-10-16T08:52:01.590+08:00  INFO 8156 --- [main] o.apache.catalina.core.StandardService   : Starting service [Tomcat]
2024-10-16T08:52:01.590+08:00  INFO 8156 --- [main] o.apache.catalina.core.StandardEngine    : Starting Servlet engine: [Apache Tomcat/10.1.17]
2024-10-16T08:52:01.626+08:00  INFO 8156 --- [main] o.a.c.c.C.[Tomcat].[localhost].[/]       : Initializing Spring embedded WebApplicationContext
2024-10-16T08:52:01.626+08:00  INFO 8156 --- [main] w.s.c.ServletWebServerApplicationContext : Root WebApplicationContext: initialization completed in 1158 ms
2024-10-16T08:52:03.536+08:00  INFO 8156 --- [main] o.s.s.web.DefaultSecurityFilterChain     : Will secure any request with [org.springframework.security.web.session.DisableEncodeUrlFilter@52963839, org.springframework.security.web.context.request.async.WebAsyncManagerIntegrationFilter@ce0bbd5, org.springframework.security.web.context.SecurityContextHolderFilter@426913c4, org.springframework.security.web.header.HeaderWriterFilter@cfc4601, org.springframework.web.filter.CorsFilter@4b98225c, org.springframework.web.filter.CorsFilter@4b98225c, com.perfree.security.filter.JwtAuthorizationFilter@45b96e4c, org.springframework.security.web.savedrequest.RequestCacheAwareFilter@451a4187, org.springframework.security.web.servletapi.SecurityContextHolderAwareRequestFilter@565c887e, org.springframework.security.web.authentication.AnonymousAuthenticationFilter@399fd710, org.springframework.security.web.session.SessionManagementFilter@75c589f2, org.springframework.security.web.access.ExceptionTranslationFilter@2b4954a4, org.springframework.security.web.access.intercept.AuthorizationFilter@1f7557fe]
2024-10-16T08:52:03.763+08:00  INFO 8156 --- [main] o.a.c.c.C.[Tomcat].[localhost].[/]       : Initializing Spring DispatcherServlet 'dispatcherServlet'
2024-10-16T08:52:03.763+08:00  INFO 8156 --- [main] o.s.web.servlet.DispatcherServlet        : Initializing Servlet 'dispatcherServlet'
2024-10-16T08:52:03.764+08:00  INFO 8156 --- [main] o.s.web.servlet.DispatcherServlet        : Completed initialization in 1 ms
2024-10-16T08:52:03.765+08:00  INFO 8156 --- [main] o.s.b.w.embedded.tomcat.TomcatWebServer  : Tomcat started on port 8080 (http) with context path ''
2024-10-16T08:52:03.770+08:00  INFO 8156 --- [main] com.perfree.Application                  : Started Application in 3.632 seconds (process running for 3.999)
2024-10-16T08:52:03.810+08:00  INFO 8156 --- [main] com.zaxxer.hikari.HikariDataSource       : perfree - Starting...
2024-10-16T08:52:03.909+08:00  INFO 8156 --- [main] com.zaxxer.hikari.pool.HikariPool        : perfree - Added connection com.mysql.cj.jdbc.ConnectionImpl@51a5a8ba
2024-10-16T08:52:03.910+08:00  INFO 8156 --- [main] com.zaxxer.hikari.HikariDataSource       : perfree - Start completed.
2024-10-16T08:52:03.968+08:00  INFO 8156 --- [main] o.s.boot.ApplicationRunner               : -> 初始化模板指令....
2024-10-16T08:52:03.971+08:00  INFO 8156 --- [main] o.s.boot.ApplicationRunner               : Add Directive: archivePage
2024-10-16T08:52:03.971+08:00  INFO 8156 --- [main] o.s.boot.ApplicationRunner               : Add Directive: articlePage
2024-10-16T08:52:03.971+08:00  INFO 8156 --- [main] o.s.boot.ApplicationRunner               : Add Directive: hotArticle
2024-10-16T08:52:03.971+08:00  INFO 8156 --- [main] o.s.boot.ApplicationRunner               : Add Directive: journalPage
2024-10-16T08:52:03.971+08:00  INFO 8156 --- [main] o.s.boot.ApplicationRunner               : Add Directive: latestArticle
2024-10-16T08:52:03.971+08:00  INFO 8156 --- [main] o.s.boot.ApplicationRunner               : Add Directive: nextArticle
2024-10-16T08:52:03.971+08:00  INFO 8156 --- [main] o.s.boot.ApplicationRunner               : Add Directive: pages
2024-10-16T08:52:03.971+08:00  INFO 8156 --- [main] o.s.boot.ApplicationRunner               : Add Directive: preArticle
2024-10-16T08:52:03.971+08:00  INFO 8156 --- [main] o.s.boot.ApplicationRunner               : Add Directive: attachLibraryItemsPage
2024-10-16T08:52:03.971+08:00  INFO 8156 --- [main] o.s.boot.ApplicationRunner               : Add Directive: attachLibraryPage
2024-10-16T08:52:03.971+08:00  INFO 8156 --- [main] o.s.boot.ApplicationRunner               : Add Directive: categories
2024-10-16T08:52:03.971+08:00  INFO 8156 --- [main] o.s.boot.ApplicationRunner               : Add Directive: categoriesPage
2024-10-16T08:52:03.971+08:00  INFO 8156 --- [main] o.s.boot.ApplicationRunner               : Add Directive: hotCategories
2024-10-16T08:52:03.971+08:00  INFO 8156 --- [main] o.s.boot.ApplicationRunner               : Add Directive: recentComment
2024-10-16T08:52:03.971+08:00  INFO 8156 --- [main] o.s.boot.ApplicationRunner               : Add Directive: articleImage
2024-10-16T08:52:03.972+08:00  INFO 8156 --- [main] o.s.boot.ApplicationRunner               : Add Directive: loginUser
2024-10-16T08:52:03.972+08:00  INFO 8156 --- [main] o.s.boot.ApplicationRunner               : Add Directive: statistics
2024-10-16T08:52:03.972+08:00  INFO 8156 --- [main] o.s.boot.ApplicationRunner               : Add Directive: timeAgo
2024-10-16T08:52:03.972+08:00  INFO 8156 --- [main] o.s.boot.ApplicationRunner               : Add Directive: linkPage
2024-10-16T08:52:03.972+08:00  INFO 8156 --- [main] o.s.boot.ApplicationRunner               : Add Directive: menus
2024-10-16T08:52:03.972+08:00  INFO 8156 --- [main] o.s.boot.ApplicationRunner               : Add Directive: option
2024-10-16T08:52:03.972+08:00  INFO 8156 --- [main] o.s.boot.ApplicationRunner               : Add Directive: hotTag
2024-10-16T08:52:03.972+08:00  INFO 8156 --- [main] o.s.boot.ApplicationRunner               : Add Directive: tagsPage
2024-10-16T08:52:03.972+08:00  INFO 8156 --- [main] o.s.boot.ApplicationRunner               : -> 初始化模板指令完成
2024-10-16T08:52:03.972+08:00  INFO 8156 --- [main] o.s.boot.ApplicationRunner               : -> 初始化存储策略配置缓存....
2024-10-16T08:52:03.978+08:00  INFO 8156 --- [main] o.s.boot.ApplicationRunner               : -> 初始化存储策略配置缓存完成
2024-10-16T08:52:03.978+08:00  INFO 8156 --- [main] o.s.boot.ApplicationRunner               : -> 初始化配置缓存....
2024-10-16T08:52:03.988+08:00  INFO 8156 --- [main] o.s.boot.ApplicationRunner               : -> 初始化配置缓存完成
2024-10-16T08:52:03.988+08:00  INFO 8156 --- [main] o.s.boot.ApplicationRunner               : -> 初始化数据字典缓存....
2024-10-16T08:52:03.994+08:00  INFO 8156 --- [main] o.s.boot.ApplicationRunner               : -> 初始化数据字典缓存完成
2024-10-16T08:52:03.994+08:00  INFO 8156 --- [main] o.s.boot.ApplicationRunner               : -> 初始化静态资源映射规则....
2024-10-16T08:52:04.035+08:00  INFO 8156 --- [main] o.s.boot.ApplicationRunner               : -> 初始化静态资源映射规则完成
2024-10-16T08:52:04.035+08:00  INFO 8156 --- [main] o.s.boot.ApplicationRunner               : -> 初始化插件....
2024-10-16T08:52:04.046+08:00  INFO 8156 --- [main] o.s.boot.ApplicationRunner               : -> 初始化插件完成
2024-10-16T08:52:04.062+08:00  INFO 8156 --- [main] .s.b.a.l.ConditionEvaluationReportLogger : 

Error starting ApplicationContext. To display the condition evaluation report re-run your application with 'debug' enabled.
2024-10-16T08:52:04.073+08:00 ERROR 8156 --- [main] o.s.boot.SpringApplication               : Application run failed

org.dromara.hutool.core.io.IORuntimeException: java.nio.file.FileAlreadyExistsException: E:\my-work\PerfreeBlog\resources\static\themes\default\.git\COMMIT_EDITMSG
	at org.dromara.hutool.core.io.file.PathUtil.copy(PathUtil.java:276) ~[hutool-all-6.0.0-M15.jar:6.0.0-M15]
	at org.dromara.hutool.core.io.file.FileUtil.copy(FileUtil.java:1011) ~[hutool-all-6.0.0-M15.jar:6.0.0-M15]
	at org.dromara.hutool.core.compress.ZipReader.readEntry(ZipReader.java:187) ~[hutool-all-6.0.0-M15.jar:6.0.0-M15]
	at org.dromara.hutool.core.compress.ZipReader.lambda$readTo$0(ZipReader.java:143) ~[hutool-all-6.0.0-M15.jar:6.0.0-M15]
	at org.dromara.hutool.core.compress.ZipFileResource.read(ZipFileResource.java:47) ~[hutool-all-6.0.0-M15.jar:6.0.0-M15]
	at org.dromara.hutool.core.compress.ZipReader.read(ZipReader.java:157) ~[hutool-all-6.0.0-M15.jar:6.0.0-M15]
	at org.dromara.hutool.core.compress.ZipReader.readTo(ZipReader.java:141) ~[hutool-all-6.0.0-M15.jar:6.0.0-M15]
	at org.dromara.hutool.core.compress.ZipReader.readTo(ZipReader.java:127) ~[hutool-all-6.0.0-M15.jar:6.0.0-M15]
	at org.dromara.hutool.core.compress.ZipUtil.unzip(ZipUtil.java:580) ~[hutool-all-6.0.0-M15.jar:6.0.0-M15]
	at org.dromara.hutool.core.compress.ZipUtil.unzip(ZipUtil.java:546) ~[hutool-all-6.0.0-M15.jar:6.0.0-M15]
	at org.dromara.hutool.core.compress.ZipUtil.unzip(ZipUtil.java:533) ~[hutool-all-6.0.0-M15.jar:6.0.0-M15]
	at org.dromara.hutool.core.compress.ZipUtil.unzip(ZipUtil.java:520) ~[hutool-all-6.0.0-M15.jar:6.0.0-M15]
	at com.perfree.config.AppInit.initTheme(AppInit.java:123) ~[classes/:na]
	at com.perfree.config.AppInit.run(AppInit.java:114) ~[classes/:na]
	at org.springframework.boot.SpringApplication.lambda$callRunner$4(SpringApplication.java:794) ~[spring-boot-3.2.1.jar:3.2.1]
	at org.springframework.util.function.ThrowingConsumer$1.acceptWithException(ThrowingConsumer.java:83) ~[spring-core-6.1.2.jar:6.1.2]
	at org.springframework.util.function.ThrowingConsumer.accept(ThrowingConsumer.java:60) ~[spring-core-6.1.2.jar:6.1.2]
	at org.springframework.util.function.ThrowingConsumer$1.accept(ThrowingConsumer.java:88) ~[spring-core-6.1.2.jar:6.1.2]
	at org.springframework.boot.SpringApplication.callRunner(SpringApplication.java:806) ~[spring-boot-3.2.1.jar:3.2.1]
	at org.springframework.boot.SpringApplication.callRunner(SpringApplication.java:794) ~[spring-boot-3.2.1.jar:3.2.1]
	at org.springframework.boot.SpringApplication.lambda$callRunners$3(SpringApplication.java:782) ~[spring-boot-3.2.1.jar:3.2.1]
	at java.base/java.util.stream.ForEachOps$ForEachOp$OfRef.accept(ForEachOps.java:184) ~[na:na]
	at java.base/java.util.stream.SortedOps$SizedRefSortingSink.end(SortedOps.java:357) ~[na:na]
	at java.base/java.util.stream.AbstractPipeline.copyInto(AbstractPipeline.java:510) ~[na:na]
	at java.base/java.util.stream.AbstractPipeline.wrapAndCopyInto(AbstractPipeline.java:499) ~[na:na]
	at java.base/java.util.stream.ForEachOps$ForEachOp.evaluateSequential(ForEachOps.java:151) ~[na:na]
	at java.base/java.util.stream.ForEachOps$ForEachOp$OfRef.evaluateSequential(ForEachOps.java:174) ~[na:na]
	at java.base/java.util.stream.AbstractPipeline.evaluate(AbstractPipeline.java:234) ~[na:na]
	at java.base/java.util.stream.ReferencePipeline.forEach(ReferencePipeline.java:596) ~[na:na]
	at org.springframework.boot.SpringApplication.callRunners(SpringApplication.java:782) ~[spring-boot-3.2.1.jar:3.2.1]
	at org.springframework.boot.SpringApplication.run(SpringApplication.java:341) ~[spring-boot-3.2.1.jar:3.2.1]
	at org.springframework.boot.SpringApplication.run(SpringApplication.java:1358) ~[spring-boot-3.2.1.jar:3.2.1]
	at org.springframework.boot.SpringApplication.run(SpringApplication.java:1347) ~[spring-boot-3.2.1.jar:3.2.1]
	at com.perfree.Application.main(Application.java:20) ~[classes/:na]
Caused by: java.nio.file.FileAlreadyExistsException: E:\my-work\PerfreeBlog\resources\static\themes\default\.git\COMMIT_EDITMSG
	at java.base/sun.nio.fs.WindowsException.translateToIOException(WindowsException.java:87) ~[na:na]
	at java.base/sun.nio.fs.WindowsException.rethrowAsIOException(WindowsException.java:103) ~[na:na]
	at java.base/sun.nio.fs.WindowsException.rethrowAsIOException(WindowsException.java:108) ~[na:na]
	at java.base/sun.nio.fs.WindowsFileSystemProvider.newByteChannel(WindowsFileSystemProvider.java:234) ~[na:na]
	at java.base/java.nio.file.spi.FileSystemProvider.newOutputStream(FileSystemProvider.java:482) ~[na:na]
	at java.base/java.nio.file.Files.newOutputStream(Files.java:227) ~[na:na]
	at java.base/java.nio.file.Files.copy(Files.java:3140) ~[na:na]
	at org.dromara.hutool.core.io.file.PathUtil.copy(PathUtil.java:274) ~[hutool-all-6.0.0-M15.jar:6.0.0-M15]
	... 33 common frames omitted

2024-10-16T08:52:04.082+08:00  INFO 8156 --- [main] com.zaxxer.hikari.HikariDataSource       : perfree - Shutdown initiated...
2024-10-16T08:52:04.105+08:00  INFO 8156 --- [main] com.zaxxer.hikari.HikariDataSource       : perfree - Shutdown completed.
